MyApplication/app/build/intermediates/manifest_merge_blame_file/debug/manifest-merger-blame-debug-report.txt
1<?xml version="1.0" encoding="utf-8"?>
2<manifest xmlns:android="http://schemas.android.com/apk/res/android"
3    package="com.example.myapplication"
4    android:versionCode="1"
5    android:versionName="1.0" >
6
7    <uses-sdk
8        android:minSdkVersion="16"
8-->src\main\AndroidManifest.xml
9        android:targetSdkVersion="30" />
9-->src\main\AndroidManifest.xml
10
11    <uses-permission android:name="android.permission.INTERNET" />
11-->src\main\AndroidManifest.xml:5:5-67
11-->src\main\AndroidManifest.xml:5:22-64
12    <uses-permission android:name="android.permission.ACCESS_FINE_LOCATION" />
12-->src\main\AndroidManifest.xml:6:5-79
12-->src\main\AndroidManifest.xml:6:22-76
13
14    <uses-feature
14-->[com.naver.maps:map-sdk:3.11.0] AndroidManifest.xml:11:5-13:35
15        android:glEsVersion="0x00020000"
15-->[com.naver.maps:map-sdk:3.11.0] AndroidManifest.xml:12:9-41
16        android:required="true" />
16-->[com.naver.maps:map-sdk:3.11.0] AndroidManifest.xml:13:9-32
17    <uses-feature
17-->[com.naver.maps:map-sdk:3.11.0] AndroidManifest.xml:14:5-16:36
18        android:name="android.hardware.wifi"
18-->[com.naver.maps:map-sdk:3.11.0] AndroidManifest.xml:15:9-45
19        android:required="false" />
19-->[com.naver.maps:map-sdk:3.11.0] AndroidManifest.xml:16:9-33
20
21    <uses-permission android:name="android.permission.ACCESS_NETWORK_STATE" />
21-->[com.naver.maps:map-sdk:3.11.0] AndroidManifest.xml:19:5-79
21-->[com.naver.maps:map-sdk:3.11.0] AndroidManifest.xml:19:22-76
22    <uses-permission android:name="android.permission.ACCESS_WIFI_STATE" />
22-->[com.naver.maps:map-sdk:3.11.0] AndroidManifest.xml:20:5-76
22-->[com.naver.maps:map-sdk:3.11.0] AndroidManifest.xml:20:22-73
23
24    <application
24-->src\main\AndroidManifest.xml:8:5-35:19
25        android:allowBackup="true"
25-->src\main\AndroidManifest.xml:9:9-35
26        android:appComponentFactory="androidx.core.app.CoreComponentFactory"
26-->[androidx.core:core:1.3.1] AndroidManifest.xml:24:18-86
27        android:debuggable="true"
28        android:icon="@mipmap/ic_launcher"
28-->src\main\AndroidManifest.xml:10:9-43
29        android:label="@string/app_name"
29-->src\main\AndroidManifest.xml:11:9-41
30        android:roundIcon="@mipmap/ic_launcher_round"
30-->src\main\AndroidManifest.xml:12:9-54
31        android:supportsRtl="true"
31-->src\main\AndroidManifest.xml:13:9-35
32        android:testOnly="true"
33        android:theme="@style/AppTheme"
33-->src\main\AndroidManifest.xml:14:9-40
34        android:usesCleartextTraffic="true" >
34-->src\main\AndroidManifest.xml:15:9-44
35        <activity android:name="com.example.myapplication.RoadActivity" />
35-->src\main\AndroidManifest.xml:16:9-59
35-->src\main\AndroidManifest.xml:16:19-47
36        <activity android:name="com.example.myapplication.push" />
36-->src\main\AndroidManifest.xml:17:9-42
36-->src\main\AndroidManifest.xml:17:19-39
37        <activity android:name="com.example.myapplication.subin" />
37-->src\main\AndroidManifest.xml:18:9-43
37-->src\main\AndroidManifest.xml:18:19-40
38        <activity android:name="com.example.myapplication.Sebin" />
38-->src\main\AndroidManifest.xml:19:9-43
38-->src\main\AndroidManifest.xml:19:19-40
39        <activity android:name="com.example.myapplication.Oje" />
39-->src\main\AndroidManifest.xml:20:9-41
39-->src\main\AndroidManifest.xml:20:19-38
40        <activity android:name="com.example.myapplication.RegisterActivity" />
40-->src\main\AndroidManifest.xml:21:9-54
40-->src\main\AndroidManifest.xml:21:19-51
41        <activity android:name="com.example.myapplication.MainActivity" />
41-->src\main\AndroidManifest.xml:22:9-50
41-->src\main\AndroidManifest.xml:22:19-47
42        <activity android:name="com.example.myapplication.SubActivity" />
42-->src\main\AndroidManifest.xml:23:9-49
42-->src\main\AndroidManifest.xml:23:19-46
43
44        <meta-data
44-->src\main\AndroidManifest.xml:25:9-27:42
45            android:name="com.naver.maps.map.CLIENT_ID"
45-->src\main\AndroidManifest.xml:26:13-56
46            android:value="rdhfnllit2" /> <!-- 네이버지도 -->
46-->src\main\AndroidManifest.xml:27:13-39
47        <activity android:name="com.example.myapplication.LoginActivity" >
47-->src\main\AndroidManifest.xml:28:9-34:20
47-->src\main\AndroidManifest.xml:28:19-48
48            <intent-filter>
48-->src\main\AndroidManifest.xml:29:13-33:29
49                <action android:name="android.intent.action.MAIN" />
49-->src\main\AndroidManifest.xml:30:17-69
49-->src\main\AndroidManifest.xml:30:25-66
50
51                <category android:name="android.intent.category.LAUNCHER" />
51-->src\main\AndroidManifest.xml:32:17-77
51-->src\main\AndroidManifest.xml:32:27-74
52            </intent-filter>
53        </activity>
54        <activity
54-->[com.naver.maps:map-sdk:3.11.0] AndroidManifest.xml:23:9-27:51
55            android:name="com.naver.maps.map.app.LegendActivity"
55-->[com.naver.maps:map-sdk:3.11.0] AndroidManifest.xml:24:13-65
56            android:configChanges="screenSize|smallestScreenSize|screenLayout|orientation"
56-->[com.naver.maps:map-sdk:3.11.0] AndroidManifest.xml:25:13-91
57            android:label="@string/navermap_legend"
57-->[com.naver.maps:map-sdk:3.11.0] AndroidManifest.xml:26:13-52
58            android:theme="@style/navermap_app" />
58-->[com.naver.maps:map-sdk:3.11.0] AndroidManifest.xml:27:13-48
59        <activity
59-->[com.naver.maps:map-sdk:3.11.0] AndroidManifest.xml:28:9-32:51
60            android:name="com.naver.maps.map.app.LegalNoticeActivity"
60-->[com.naver.maps:map-sdk:3.11.0] AndroidManifest.xml:29:13-70
61            android:configChanges="screenSize|smallestScreenSize|screenLayout|orientation"
61-->[com.naver.maps:map-sdk:3.11.0] AndroidManifest.xml:30:13-91
62            android:label="@string/navermap_legal_notice"
62-->[com.naver.maps:map-sdk:3.11.0] AndroidManifest.xml:31:13-58
63            android:theme="@style/navermap_app" />
63-->[com.naver.maps:map-sdk:3.11.0] AndroidManifest.xml:32:13-48
64        <activity
64-->[com.naver.maps:map-sdk:3.11.0] AndroidManifest.xml:33:9-37:51
65            android:name="com.naver.maps.map.app.OpenSourceLicenseActivity"
65-->[com.naver.maps:map-sdk:3.11.0] AndroidManifest.xml:34:13-76
66            android:configChanges="screenSize|smallestScreenSize|screenLayout|orientation"
66-->[com.naver.maps:map-sdk:3.11.0] AndroidManifest.xml:35:13-91
67            android:label="@string/navermap_open_source_license"
67-->[com.naver.maps:map-sdk:3.11.0] AndroidManifest.xml:36:13-65
68            android:theme="@style/navermap_app" />
68-->[com.naver.maps:map-sdk:3.11.0] AndroidManifest.xml:37:13-48
69        <activity
69-->[com.google.android.gms:play-services-base:16.0.1] AndroidManifest.xml:23:9-26:75
70            android:name="com.google.android.gms.common.api.GoogleApiActivity"
70-->[com.google.android.gms:play-services-base:16.0.1] AndroidManifest.xml:24:13-79
71            android:exported="false"
71-->[com.google.android.gms:play-services-base:16.0.1] AndroidManifest.xml:25:13-37
72            android:theme="@android:style/Theme.Translucent.NoTitleBar" />
72-->[com.google.android.gms:play-services-base:16.0.1] AndroidManifest.xml:26:13-72
73
74        <meta-data
74-->[com.google.android.gms:play-services-basement:16.0.1] AndroidManifest.xml:23:9-25:69
75            android:name="com.google.android.gms.version"
75-->[com.google.android.gms:play-services-basement:16.0.1] AndroidManifest.xml:24:13-58
76            android:value="@integer/google_play_services_version" />
76-->[com.google.android.gms:play-services-basement:16.0.1] AndroidManifest.xml:25:13-66
77    </application>
78
79</manifest>